生成启动时间为 2015/5/15 12:43:28。
     1>项目“D:\vsproject\HeartBeatS\HeartBeatS\HeartBeatS.vcxproj”在节点 2 上(build 个目标)。
     1>InitializeBuildStatus:
         正在对“Debug\HeartBeatS.unsuccessfulbuild”执行 Touch 任务。
       ClCompile:
         所有输出均为最新。
       Link:
         C:\Program Files\Microsoft Visual Studio 10.0\VC\bin\link.exe /ERRORREPORT:PROMPT /OUT:"D:\vsproject\HeartBeatS\Debug\HeartBeatS.exe" /INCREMENTAL /NOLOGO kernel32.lib user32.lib gdi32.lib winspool.lib comdlg32.lib advapi32.lib shell32.lib ole32.lib oleaut32.lib uuid.lib odbc32.lib odbccp32.lib /MANIFEST /ManifestFile:"Debug\HeartBeatS.exe.intermediate.manifest" /MANIFESTUAC:"level='asInvoker' uiAccess='false'" /DEBUG /PDB:"D:\vsproject\HeartBeatS\Debug\HeartBeatS.pdb" /SUBSYSTEM:CONSOLE /TLBID:1 /DYNAMICBASE /NXCOMPAT /IMPLIB:"D:\vsproject\HeartBeatS\Debug\HeartBeatS.lib" /MACHINE:X86 Debug\BaseFunc.obj
         Debug\MessageHandle.obj
         Debug\SocketServer.obj
         "Debug\心跳包.obj"
         HeartBeatS.vcxproj -> D:\vsproject\HeartBeatS\Debug\HeartBeatS.exe
       Manifest:
         C:\Program Files\Microsoft SDKs\Windows\v7.0A\bin\mt.exe /nologo /verbose /out:"D:\vsproject\HeartBeatS\Debug\HeartBeatS.exe.manifest" /manifest Debug\HeartBeatS.exe.intermediate.manifest
       FinalizeBuildStatus:
         正在删除文件“Debug\HeartBeatS.unsuccessfulbuild”。
         正在对“Debug\HeartBeatS.lastbuildstate”执行 Touch 任务。
     1>已完成生成项目“D:\vsproject\HeartBeatS\HeartBeatS\HeartBeatS.vcxproj”(build 个目标)的操作。

生成成功。

已用时间 00:00:00.57
