生成启动时间为 2015/5/15 12:44:59。
     1>项目“D:\vsproject\HeartBeatC\HeartBeatC\HeartBeatC.vcxproj”在节点 2 上(build 个目标)。
     1>PrepareForBuild:
         正在创建目录“D:\vsproject\HeartBeatC\Release\”。
       InitializeBuildStatus:
         正在创建“Release\HeartBeatC.unsuccessfulbuild”，因为已指定“AlwaysCreate”。
       ClCompile:
         C:\Program Files\Microsoft Visual Studio 10.0\VC\bin\CL.exe /c /Zi /nologo /W3 /WX- /O2 /Oi /Oy- /GL /D WIN32 /D NDEBUG /D _CONSOLE /D _UNICODE /D UNICODE /Gm- /EHsc /MD /GS /Gy /fp:precise /Zc:wchar_t /Zc:forScope /Fo"Release\\" /Fd"Release\vc100.pdb" /Gd /TP /analyze- /errorReport:prompt BaseFunc.cpp SocketClient.cpp "测试心跳.cpp"
         BaseFunc.cpp
     1>BaseFunc.cpp(7): warning C4996: 'localtime': This function or variable may be unsafe. Consider using localtime_s instead. To disable deprecation, use _CRT_SECURE_NO_WARNINGS. See online help for details.
                 C:\Program Files\Microsoft Visual Studio 10.0\VC\include\time.inl(112) : 参见“localtime”的声明
         SocketClient.cpp
         测试心跳.cpp
       Link:
         C:\Program Files\Microsoft Visual Studio 10.0\VC\bin\link.exe /ERRORREPORT:PROMPT /OUT:"D:\vsproject\HeartBeatC\Release\HeartBeatC.exe" /INCREMENTAL:NO /NOLOGO kernel32.lib user32.lib gdi32.lib winspool.lib comdlg32.lib advapi32.lib shell32.lib ole32.lib oleaut32.lib uuid.lib odbc32.lib odbccp32.lib /MANIFEST /ManifestFile:"Release\HeartBeatC.exe.intermediate.manifest" /MANIFESTUAC:"level='asInvoker' uiAccess='false'" /DEBUG /PDB:"D:\vsproject\HeartBeatC\Release\HeartBeatC.pdb" /SUBSYSTEM:CONSOLE /OPT:REF /OPT:ICF /LTCG /TLBID:1 /DYNAMICBASE /NXCOMPAT /IMPLIB:"D:\vsproject\HeartBeatC\Release\HeartBeatC.lib" /MACHINE:X86 Release\BaseFunc.obj
         Release\SocketClient.obj
         "Release\测试心跳.obj"
         正在生成代码
         已完成代码的生成
         HeartBeatC.vcxproj -> D:\vsproject\HeartBeatC\Release\HeartBeatC.exe
       Manifest:
         C:\Program Files\Microsoft SDKs\Windows\v7.0A\bin\mt.exe /nologo /verbose /outputresource:"D:\vsproject\HeartBeatC\Release\HeartBeatC.exe;#1" /manifest Release\HeartBeatC.exe.intermediate.manifest
       FinalizeBuildStatus:
         正在删除文件“Release\HeartBeatC.unsuccessfulbuild”。
         正在对“Release\HeartBeatC.lastbuildstate”执行 Touch 任务。
     1>已完成生成项目“D:\vsproject\HeartBeatC\HeartBeatC\HeartBeatC.vcxproj”(build 个目标)的操作。

生成成功。

已用时间 00:00:04.07
